<?xml version="1.0" encoding="UTF-8"?>
<!-- Generated by org.testng.reporters.JUnitXMLReporter -->
<testsuite hostname="yinxiao" name="SimpleBrowserTest" tests="9" failures="1" timestamp="8 May 2017 06:20:07 GMT" time="228.813" errors="0">
  <testcase name="clickStart" time="2.379" classname="com.xiao.simplebrowsertest.testcases.WelcomeActivityTest"/>
  <testcase name="clickStart" time="0.716" classname="com.xiao.simplebrowsertest.testcases.WelcomeActivityTest">
    <failure type="java.lang.AssertionError" message="期望的文字是 [立即体验] 但是找到了 [开始体验]">
      <![CDATA[java.lang.AssertionError: 期望的文字是 [立即体验] 但是找到了 [开始体验]
	at com.xiao.simplebrowsertest.utils.AppiumUtils.isTextCorrect(AppiumUtils.java:62)
	at com.xiao.simplebrowsertest.testcases.WelcomeActivityTest.clickStart(WelcomeActivityTest.java:51)
	at org.apache.maven.plugin.surefire.InPluginVMSurefireStarter.runSuitesInProcess(InPluginVMSurefireStarter.java:82)
	at org.apache.maven.plugin.surefire.AbstractSurefireMojo.executeProvider(AbstractSurefireMojo.java:974)
	at org.apache.maven.plugin.surefire.AbstractSurefireMojo.executeAfterPreconditionsChecked(AbstractSurefireMojo.java:824)
	at org.apache.maven.plugin.surefire.AbstractSurefireMojo.execute(AbstractSurefireMojo.java:722)
	at org.apache.maven.plugin.DefaultBuildPluginManager.executeMojo(DefaultBuildPluginManager.java:134)
	at org.apache.maven.lifecycle.internal.MojoExecutor.execute(MojoExecutor.java:207)
	at org.apache.maven.lifecycle.internal.MojoExecutor.execute(MojoExecutor.java:153)
	at org.apache.maven.lifecycle.internal.MojoExecutor.execute(MojoExecutor.java:145)
	at org.apache.maven.lifecycle.internal.LifecycleModuleBuilder.buildProject(LifecycleModuleBuilder.java:116)
	at org.apache.maven.lifecycle.internal.LifecycleModuleBuilder.buildProject(LifecycleModuleBuilder.java:80)
	at org.apache.maven.lifecycle.internal.builder.singlethreaded.SingleThreadedBuilder.build(SingleThreadedBuilder.java:51)
	at org.apache.maven.lifecycle.internal.LifecycleStarter.execute(LifecycleStarter.java:128)
	at org.apache.maven.DefaultMaven.doExecute(DefaultMaven.java:307)
	at org.apache.maven.DefaultMaven.doExecute(DefaultMaven.java:193)
	at org.apache.maven.DefaultMaven.execute(DefaultMaven.java:106)
	at org.apache.maven.cli.MavenCli.execute(MavenCli.java:863)
	at org.apache.maven.cli.MavenCli.doMain(MavenCli.java:288)
	at org.apache.maven.cli.MavenCli.main(MavenCli.java:199)
	at org.codehaus.plexus.classworlds.launcher.Launcher.launchEnhanced(Launcher.java:289)
	at org.codehaus.plexus.classworlds.launcher.Launcher.launch(Launcher.java:229)
	at org.codehaus.plexus.classworlds.launcher.Launcher.mainWithExitCode(Launcher.java:415)
	at org.codehaus.plexus.classworlds.launcher.Launcher.main(Launcher.java:356)
... Removed 36 stack frames]]>
    </failure>
  </testcase> <!-- clickStart -->
  <testcase name="registerWithData" time="26.235" classname="com.xiao.simplebrowsertest.testcases.RegisterActivityTest"/>
  <testcase name="registerWithData" time="25.971" classname="com.xiao.simplebrowsertest.testcases.RegisterActivityTest"/>
  <testcase name="registerWithData" time="25.942" classname="com.xiao.simplebrowsertest.testcases.RegisterActivityTest"/>
  <testcase name="registerWithData" time="25.783" classname="com.xiao.simplebrowsertest.testcases.RegisterActivityTest"/>
  <testcase name="registerWithData" time="25.464" classname="com.xiao.simplebrowsertest.testcases.RegisterActivityTest"/>
  <testcase name="searchKeyWord" time="0.0" classname="com.xiao.simplebrowsertest.testcases.SearchActivityTest">
    <skipped/>
  </testcase> <!-- searchKeyWord -->
  <testcase name="searchReturnHome" time="32.925" classname="com.xiao.simplebrowsertest.testcases.SearchActivityTest"/>
</testsuite> <!-- SimpleBrowserTest -->
