<!DOCTYPE html PUBLIC "-//W3C//DTD XHTML 1.1//EN" "http://www.w3.org/TR/xhtml11/DTD/xhtml11.dtd">
<html xmlns="http://www.w3.org/1999/xhtml"><head><title>TestNG Report</title><style type="text/css">table {margin-bottom:10px;border-collapse:collapse;empty-cells:show}th,td {border:1px solid #009;padding:.25em .5em}th {vertical-align:bottom}td {vertical-align:top}table a {font-weight:bold}.stripe td {background-color: #E6EBF9}.num {text-align:right}.passedodd td {background-color: #3F3}.passedeven td {background-color: #0A0}.skippedodd td {background-color: #DDD}.skippedeven td {background-color: #CCC}.failedodd td,.attn {background-color: #F33}.failedeven td,.stripe .attn {background-color: #D00}.stacktrace {white-space:pre;font-family:monospace}.totop {font-size:85%;text-align:center;border-bottom:2px solid #000}</style></head><body><table><tr><th>Test</th><th># Passed</th><th># Skipped</th><th># Failed</th><th>Time (ms)</th><th>Included Groups</th><th>Excluded Groups</th></tr><tr><th colspan="7">项目测试报告</th></tr><tr><td><a href="#t0">SimpleBrowserTest</a></td><td class="num">7</td><td class="num attn">1</td><td class="num attn">1</td><td class="num">228,813</td><td></td><td></td></tr></table><table><thead><tr><th>Class</th><th>Method</th><th>Start</th><th>Time (ms)</th></tr></thead><tbody><tr><th colspan="4">项目测试报告</th></tr></tbody><tbody id="t0"><tr><th colspan="4">SimpleBrowserTest &#8212; failed</th></tr><tr class="failedeven"><td rowspan="1">com.xiao.simplebrowsertest.testcases.WelcomeActivityTest</td><td><a href="#m0">clickStart</a></td><td rowspan="1">1494224201992</td><td rowspan="1">716</td></tr><tr><th colspan="4">SimpleBrowserTest &#8212; skipped</th></tr><tr class="skippedeven"><td rowspan="1">com.xiao.simplebrowsertest.testcases.SearchActivityTest</td><td><a href="#m1">searchKeyWord</a></td><td rowspan="1">1494224372697</td><td rowspan="1">0</td></tr><tr><th colspan="4">SimpleBrowserTest &#8212; passed</th></tr><tr class="passedeven"><td rowspan="5">com.xiao.simplebrowsertest.testcases.RegisterActivityTest</td><td><a href="#m2">registerWithData</a></td><td rowspan="5">1494224275009</td><td rowspan="5">25942</td></tr><tr class="passedeven"><td><a href="#m3">registerWithData</a></td></tr><tr class="passedeven"><td><a href="#m4">registerWithData</a></td></tr><tr class="passedeven"><td><a href="#m5">registerWithData</a></td></tr><tr class="passedeven"><td><a href="#m6">registerWithData</a></td></tr><tr class="passedodd"><td rowspan="1">com.xiao.simplebrowsertest.testcases.SearchActivityTest</td><td><a href="#m7">searchReturnHome</a></td><td rowspan="1">1494224372698</td><td rowspan="1">32925</td></tr><tr class="passedeven"><td rowspan="1">com.xiao.simplebrowsertest.testcases.WelcomeActivityTest</td><td><a href="#m8">clickStart</a></td><td rowspan="1">1494224199609</td><td rowspan="1">2379</td></tr></tbody></table><h2>SimpleBrowserTest</h2><h3 id="m0">com.xiao.simplebrowsertest.testcases.WelcomeActivityTest#clickStart</h3><table class="result"><tr class="param"><th>Parameter #1</th></tr><tr class="param stripe"><td>立即体验</td></tr><tr><th>Exception</th></tr><tr><td><div class="stacktrace">java.lang.AssertionError: 期望的文字是 [立即体验] 但是找到了 [开始体验]
	at com.xiao.simplebrowsertest.utils.AppiumUtils.isTextCorrect(AppiumUtils.java:62)
	at com.xiao.simplebrowsertest.testcases.WelcomeActivityTest.clickStart(WelcomeActivityTest.java:51)
	at org.apache.maven.plugin.surefire.InPluginVMSurefireStarter.runSuitesInProcess(InPluginVMSurefireStarter.java:82)
	at org.apache.maven.plugin.surefire.AbstractSurefireMojo.executeProvider(AbstractSurefireMojo.java:974)
	at org.apache.maven.plugin.surefire.AbstractSurefireMojo.executeAfterPreconditionsChecked(AbstractSurefireMojo.java:824)
	at org.apache.maven.plugin.surefire.AbstractSurefireMojo.execute(AbstractSurefireMojo.java:722)
	at org.apache.maven.plugin.DefaultBuildPluginManager.executeMojo(DefaultBuildPluginManager.java:134)
	at org.apache.maven.lifecycle.internal.MojoExecutor.execute(MojoExecutor.java:207)
	at org.apache.maven.lifecycle.internal.MojoExecutor.execute(MojoExecutor.java:153)
	at org.apache.maven.lifecycle.internal.MojoExecutor.execute(MojoExecutor.java:145)
	at org.apache.maven.lifecycle.internal.LifecycleModuleBuilder.buildProject(LifecycleModuleBuilder.java:116)
	at org.apache.maven.lifecycle.internal.LifecycleModuleBuilder.buildProject(LifecycleModuleBuilder.java:80)
	at org.apache.maven.lifecycle.internal.builder.singlethreaded.SingleThreadedBuilder.build(SingleThreadedBuilder.java:51)
	at org.apache.maven.lifecycle.internal.LifecycleStarter.execute(LifecycleStarter.java:128)
	at org.apache.maven.DefaultMaven.doExecute(DefaultMaven.java:307)
	at org.apache.maven.DefaultMaven.doExecute(DefaultMaven.java:193)
	at org.apache.maven.DefaultMaven.execute(DefaultMaven.java:106)
	at org.apache.maven.cli.MavenCli.execute(MavenCli.java:863)
	at org.apache.maven.cli.MavenCli.doMain(MavenCli.java:288)
	at org.apache.maven.cli.MavenCli.main(MavenCli.java:199)
	at org.codehaus.plexus.classworlds.launcher.Launcher.launchEnhanced(Launcher.java:289)
	at org.codehaus.plexus.classworlds.launcher.Launcher.launch(Launcher.java:229)
	at org.codehaus.plexus.classworlds.launcher.Launcher.mainWithExitCode(Launcher.java:415)
	at org.codehaus.plexus.classworlds.launcher.Launcher.main(Launcher.java:356)
... Removed 36 stack frames</div></td></tr></table><p class="totop"><a href="#summary">back to summary</a></p><h3 id="m1">com.xiao.simplebrowsertest.testcases.SearchActivityTest#searchKeyWord</h3><table class="result"><tr><th>Exception</th></tr><tr><td><div class="stacktrace">java.lang.RuntimeException: java.io.FileNotFoundException: E:\Test\AppiumCode\SimpleBrowserTest\data\search_data.xls (系统找不到指定的文件。)
	at org.apache.maven.plugin.surefire.InPluginVMSurefireStarter.runSuitesInProcess(InPluginVMSurefireStarter.java:82)
	at org.apache.maven.plugin.surefire.AbstractSurefireMojo.executeProvider(AbstractSurefireMojo.java:974)
	at org.apache.maven.plugin.surefire.AbstractSurefireMojo.executeAfterPreconditionsChecked(AbstractSurefireMojo.java:824)
	at org.apache.maven.plugin.surefire.AbstractSurefireMojo.execute(AbstractSurefireMojo.java:722)
	at org.apache.maven.plugin.DefaultBuildPluginManager.executeMojo(DefaultBuildPluginManager.java:134)
	at org.apache.maven.lifecycle.internal.MojoExecutor.execute(MojoExecutor.java:207)
	at org.apache.maven.lifecycle.internal.MojoExecutor.execute(MojoExecutor.java:153)
	at org.apache.maven.lifecycle.internal.MojoExecutor.execute(MojoExecutor.java:145)
	at org.apache.maven.lifecycle.internal.LifecycleModuleBuilder.buildProject(LifecycleModuleBuilder.java:116)
	at org.apache.maven.lifecycle.internal.LifecycleModuleBuilder.buildProject(LifecycleModuleBuilder.java:80)
	at org.apache.maven.lifecycle.internal.builder.singlethreaded.SingleThreadedBuilder.build(SingleThreadedBuilder.java:51)
	at org.apache.maven.lifecycle.internal.LifecycleStarter.execute(LifecycleStarter.java:128)
	at org.apache.maven.DefaultMaven.doExecute(DefaultMaven.java:307)
	at org.apache.maven.DefaultMaven.doExecute(DefaultMaven.java:193)
	at org.apache.maven.DefaultMaven.execute(DefaultMaven.java:106)
	at org.apache.maven.cli.MavenCli.execute(MavenCli.java:863)
	at org.apache.maven.cli.MavenCli.doMain(MavenCli.java:288)
	at org.apache.maven.cli.MavenCli.main(MavenCli.java:199)
	at org.codehaus.plexus.classworlds.launcher.Launcher.launchEnhanced(Launcher.java:289)
	at org.codehaus.plexus.classworlds.launcher.Launcher.launch(Launcher.java:229)
	at org.codehaus.plexus.classworlds.launcher.Launcher.mainWithExitCode(Launcher.java:415)
	at org.codehaus.plexus.classworlds.launcher.Launcher.main(Launcher.java:356)
Caused by: java.io.FileNotFoundException: E:\Test\AppiumCode\SimpleBrowserTest\data\search_data.xls (系统找不到指定的文件。)
	at java.io.FileInputStream.open0(Native Method)
	at java.io.FileInputStream.open(FileInputStream.java:195)
	at java.io.FileInputStream.&lt;init&gt;(FileInputStream.java:138)
	at java.io.FileInputStream.&lt;init&gt;(FileInputStream.java:93)
	at com.xiao.simplebrowsertest.readdata.GetExcelData.getExcelData(GetExcelData.java:25)
	at com.xiao.simplebrowsertest.testcases.SearchActivityTest.registData(SearchActivityTest.java:42)
	... 53 more
... Removed 38 stack frames</div></td></tr></table><p class="totop"><a href="#summary">back to summary</a></p><h3 id="m2">com.xiao.simplebrowsertest.testcases.RegisterActivityTest#registerWithData</h3><table class="result"><tr class="param"><th>Parameter #1</th><th>Parameter #2</th><th>Parameter #3</th></tr><tr class="param stripe"><td>y</td><td>123456</td><td>.activity.RegisterActivity</td></tr></table><p class="totop"><a href="#summary">back to summary</a></p><h3 id="m3">com.xiao.simplebrowsertest.testcases.RegisterActivityTest#registerWithData</h3><table class="result"><tr class="param"><th>Parameter #1</th><th>Parameter #2</th><th>Parameter #3</th></tr><tr class="param stripe"><td>yx</td><td>123456</td><td>.activity.RegisterActivity</td></tr></table><p class="totop"><a href="#summary">back to summary</a></p><h3 id="m4">com.xiao.simplebrowsertest.testcases.RegisterActivityTest#registerWithData</h3><table class="result"><tr class="param"><th>Parameter #1</th><th>Parameter #2</th><th>Parameter #3</th></tr><tr class="param stripe"><td>yinxiao</td><td>12</td><td>.activity.RegisterActivity</td></tr></table><p class="totop"><a href="#summary">back to summary</a></p><h3 id="m5">com.xiao.simplebrowsertest.testcases.RegisterActivityTest#registerWithData</h3><table class="result"><tr class="param"><th>Parameter #1</th><th>Parameter #2</th><th>Parameter #3</th></tr><tr class="param stripe"><td>yinxiao</td><td>123456</td><td>.activity.LoginActivity</td></tr></table><p class="totop"><a href="#summary">back to summary</a></p><h3 id="m6">com.xiao.simplebrowsertest.testcases.RegisterActivityTest#registerWithData</h3><table class="result"><tr class="param"><th>Parameter #1</th><th>Parameter #2</th><th>Parameter #3</th></tr><tr class="param stripe"><td>test</td><td>1</td><td>.activity.RegisterActivity</td></tr></table><p class="totop"><a href="#summary">back to summary</a></p><h3 id="m7">com.xiao.simplebrowsertest.testcases.SearchActivityTest#searchReturnHome</h3><table class="result"></table><p class="totop"><a href="#summary">back to summary</a></p><h3 id="m8">com.xiao.simplebrowsertest.testcases.WelcomeActivityTest#clickStart</h3><table class="result"><tr class="param"><th>Parameter #1</th></tr><tr class="param stripe"><td>开始体验</td></tr></table><p class="totop"><a href="#summary">back to summary</a></p></body></html>