<?xml version="1.0" encoding="UTF-8"?>
<testng-results skipped="1" failed="1" total="9" passed="7">
  <reporter-output>
  </reporter-output>
  <suite name="项目测试报告" duration-ms="228813" started-at="2017-05-08T06:16:18Z" finished-at="2017-05-08T06:20:07Z">
    <groups>
    </groups>
    <test name="SimpleBrowserTest" duration-ms="228813" started-at="2017-05-08T06:16:18Z" finished-at="2017-05-08T06:20:07Z">
      <class name="com.xiao.simplebrowsertest.testcases.RegisterActivityTest">
        <test-method status="PASS" signature="setUp()[pri:0, instance:com.xiao.simplebrowsertest.testcases.RegisterActivityTest@4d7a64ca]" name="setUp" is-config="true" duration-ms="17965" started-at="2017-05-08T14:16:43Z" finished-at="2017-05-08T14:17:01Z">
          <reporter-output>
          </reporter-output>
        </test-method> <!-- setUp -->
        <test-method status="PASS" signature="registerWithData(java.lang.String, java.lang.String, java.lang.String)[pri:0, instance:com.xiao.simplebrowsertest.testcases.RegisterActivityTest@4d7a64ca]" name="registerWithData" duration-ms="26235" started-at="2017-05-08T14:17:02Z" data-provider="registData" finished-at="2017-05-08T14:17:29Z">
          <params>
            <param index="0">
              <value>
                <![CDATA[yx]]>
              </value>
            </param>
            <param index="1">
              <value>
                <![CDATA[123456]]>
              </value>
            </param>
            <param index="2">
              <value>
                <![CDATA[.activity.RegisterActivity]]>
              </value>
            </param>
          </params>
          <reporter-output>
          </reporter-output>
        </test-method> <!-- registerWithData -->
        <test-method status="PASS" signature="registerWithData(java.lang.String, java.lang.String, java.lang.String)[pri:0, instance:com.xiao.simplebrowsertest.testcases.RegisterActivityTest@4d7a64ca]" name="registerWithData" duration-ms="25971" started-at="2017-05-08T14:17:29Z" data-provider="registData" finished-at="2017-05-08T14:17:55Z">
          <params>
            <param index="0">
              <value>
                <![CDATA[yinxiao]]>
              </value>
            </param>
            <param index="1">
              <value>
                <![CDATA[12]]>
              </value>
            </param>
            <param index="2">
              <value>
                <![CDATA[.activity.RegisterActivity]]>
              </value>
            </param>
          </params>
          <reporter-output>
          </reporter-output>
        </test-method> <!-- registerWithData -->
        <test-method status="PASS" signature="registerWithData(java.lang.String, java.lang.String, java.lang.String)[pri:0, instance:com.xiao.simplebrowsertest.testcases.RegisterActivityTest@4d7a64ca]" name="registerWithData" duration-ms="25942" started-at="2017-05-08T14:17:55Z" data-provider="registData" finished-at="2017-05-08T14:18:20Z">
          <params>
            <param index="0">
              <value>
                <![CDATA[y]]>
              </value>
            </param>
            <param index="1">
              <value>
                <![CDATA[123456]]>
              </value>
            </param>
            <param index="2">
              <value>
                <![CDATA[.activity.RegisterActivity]]>
              </value>
            </param>
          </params>
          <reporter-output>
          </reporter-output>
        </test-method> <!-- registerWithData -->
        <test-method status="PASS" signature="registerWithData(java.lang.String, java.lang.String, java.lang.String)[pri:0, instance:com.xiao.simplebrowsertest.testcases.RegisterActivityTest@4d7a64ca]" name="registerWithData" duration-ms="25783" started-at="2017-05-08T14:18:20Z" data-provider="registData" finished-at="2017-05-08T14:18:46Z">
          <params>
            <param index="0">
              <value>
                <![CDATA[test]]>
              </value>
            </param>
            <param index="1">
              <value>
                <![CDATA[1]]>
              </value>
            </param>
            <param index="2">
              <value>
                <![CDATA[.activity.RegisterActivity]]>
              </value>
            </param>
          </params>
          <reporter-output>
          </reporter-output>
        </test-method> <!-- registerWithData -->
        <test-method status="PASS" signature="registerWithData(java.lang.String, java.lang.String, java.lang.String)[pri:0, instance:com.xiao.simplebrowsertest.testcases.RegisterActivityTest@4d7a64ca]" name="registerWithData" duration-ms="25464" started-at="2017-05-08T14:18:46Z" data-provider="registData" finished-at="2017-05-08T14:19:12Z">
          <params>
            <param index="0">
              <value>
                <![CDATA[yinxiao]]>
              </value>
            </param>
            <param index="1">
              <value>
                <![CDATA[123456]]>
              </value>
            </param>
            <param index="2">
              <value>
                <![CDATA[.activity.LoginActivity]]>
              </value>
            </param>
          </params>
          <reporter-output>
          </reporter-output>
        </test-method> <!-- registerWithData -->
        <test-method status="PASS" signature="tearDown()[pri:0, instance:com.xiao.simplebrowsertest.testcases.RegisterActivityTest@4d7a64ca]" name="tearDown" is-config="true" duration-ms="1054" started-at="2017-05-08T14:19:12Z" finished-at="2017-05-08T14:19:13Z">
          <reporter-output>
          </reporter-output>
        </test-method> <!-- tearDown -->
      </class> <!-- com.xiao.simplebrowsertest.testcases.RegisterActivityTest -->
      <class name="com.xiao.simplebrowsertest.testcases.SearchActivityTest">
        <test-method status="PASS" signature="setUp()[pri:0, instance:com.xiao.simplebrowsertest.testcases.SearchActivityTest@76ff68c5]" name="setUp" is-config="true" duration-ms="19438" started-at="2017-05-08T14:19:13Z" finished-at="2017-05-08T14:19:32Z">
          <reporter-output>
          </reporter-output>
        </test-method> <!-- setUp -->
        <test-method status="SKIP" signature="searchKeyWord(java.lang.String)[pri:0, instance:com.xiao.simplebrowsertest.testcases.SearchActivityTest@76ff68c5]" name="searchKeyWord" duration-ms="0" started-at="2017-05-08T14:19:32Z" data-provider="searchData" finished-at="2017-05-08T14:19:32Z">
          <exception class="java.lang.RuntimeException">
            <message>
              <![CDATA[java.io.FileNotFoundException: E:\Test\AppiumCode\SimpleBrowserTest\data\search_data.xls (系统找不到指定的文件。)]]>
            </message>
            <full-stacktrace>
              <![CDATA[java.lang.RuntimeException: java.io.FileNotFoundException: E:\Test\AppiumCode\SimpleBrowserTest\data\search_data.xls (系统找不到指定的文件。)
	at org.testng.internal.MethodInvocationHelper.invokeDataProvider(MethodInvocationHelper.java:163)
	at org.testng.internal.Parameters.handleParameters(Parameters.java:430)
	at org.testng.internal.Invoker.handleParameters(Invoker.java:1274)
	at org.testng.internal.Invoker.createParameters(Invoker.java:989)
	at org.testng.internal.Invoker.invokeTestMethods(Invoker.java:1079)
	at org.testng.internal.TestMethodWorker.invokeTestMethods(TestMethodWorker.java:129)
	at org.testng.internal.TestMethodWorker.run(TestMethodWorker.java:112)
	at org.testng.TestRunner.privateRun(TestRunner.java:782)
	at org.testng.TestRunner.run(TestRunner.java:632)
	at org.testng.SuiteRunner.runTest(SuiteRunner.java:366)
	at org.testng.SuiteRunner.runSequentially(SuiteRunner.java:361)
	at org.testng.SuiteRunner.privateRun(SuiteRunner.java:319)
	at org.testng.SuiteRunner.run(SuiteRunner.java:268)
	at org.testng.SuiteRunnerWorker.runSuite(SuiteRunnerWorker.java:52)
	at org.testng.SuiteRunnerWorker.run(SuiteRunnerWorker.java:86)
	at org.testng.TestNG.runSuitesSequentially(TestNG.java:1244)
	at org.testng.TestNG.runSuitesLocally(TestNG.java:1169)
	at org.testng.TestNG.run(TestNG.java:1064)
	at org.apache.maven.surefire.testng.TestNGExecutor.run(TestNGExecutor.java:295)
	at org.apache.maven.surefire.testng.TestNGXmlTestSuite.execute(TestNGXmlTestSuite.java:84)
	at org.apache.maven.surefire.testng.TestNGProvider.invoke(TestNGProvider.java:90)
	at sun.reflect.NativeMethodAccessorImpl.invoke0(Native Method)
	at sun.reflect.NativeMethodAccessorImpl.invoke(NativeMethodAccessorImpl.java:62)
	at sun.reflect.DelegatingMethodAccessorImpl.invoke(DelegatingMethodAccessorImpl.java:43)
	at java.lang.reflect.Method.invoke(Method.java:498)
	at org.apache.maven.surefire.util.ReflectionUtils.invokeMethodWithArray2(ReflectionUtils.java:208)
	at org.apache.maven.surefire.booter.ProviderFactory$ProviderProxy.invoke(ProviderFactory.java:155)
	at org.apache.maven.surefire.booter.ProviderFactory.invokeProvider(ProviderFactory.java:81)
	at org.apache.maven.plugin.surefire.InPluginVMSurefireStarter.runSuitesInProcess(InPluginVMSurefireStarter.java:82)
	at org.apache.maven.plugin.surefire.AbstractSurefireMojo.executeProvider(AbstractSurefireMojo.java:974)
	at org.apache.maven.plugin.surefire.AbstractSurefireMojo.executeAfterPreconditionsChecked(AbstractSurefireMojo.java:824)
	at org.apache.maven.plugin.surefire.AbstractSurefireMojo.execute(AbstractSurefireMojo.java:722)
	at org.apache.maven.plugin.DefaultBuildPluginManager.executeMojo(DefaultBuildPluginManager.java:134)
	at org.apache.maven.lifecycle.internal.MojoExecutor.execute(MojoExecutor.java:207)
	at org.apache.maven.lifecycle.internal.MojoExecutor.execute(MojoExecutor.java:153)
	at org.apache.maven.lifecycle.internal.MojoExecutor.execute(MojoExecutor.java:145)
	at org.apache.maven.lifecycle.internal.LifecycleModuleBuilder.buildProject(LifecycleModuleBuilder.java:116)
	at org.apache.maven.lifecycle.internal.LifecycleModuleBuilder.buildProject(LifecycleModuleBuilder.java:80)
	at org.apache.maven.lifecycle.internal.builder.singlethreaded.SingleThreadedBuilder.build(SingleThreadedBuilder.java:51)
	at org.apache.maven.lifecycle.internal.LifecycleStarter.execute(LifecycleStarter.java:128)
	at org.apache.maven.DefaultMaven.doExecute(DefaultMaven.java:307)
	at org.apache.maven.DefaultMaven.doExecute(DefaultMaven.java:193)
	at org.apache.maven.DefaultMaven.execute(DefaultMaven.java:106)
	at org.apache.maven.cli.MavenCli.execute(MavenCli.java:863)
	at org.apache.maven.cli.MavenCli.doMain(MavenCli.java:288)
	at org.apache.maven.cli.MavenCli.main(MavenCli.java:199)
	at sun.reflect.NativeMethodAccessorImpl.invoke0(Native Method)
	at sun.reflect.NativeMethodAccessorImpl.invoke(NativeMethodAccessorImpl.java:62)
	at sun.reflect.DelegatingMethodAccessorImpl.invoke(DelegatingMethodAccessorImpl.java:43)
	at java.lang.reflect.Method.invoke(Method.java:498)
	at org.codehaus.plexus.classworlds.launcher.Launcher.launchEnhanced(Launcher.java:289)
	at org.codehaus.plexus.classworlds.launcher.Launcher.launch(Launcher.java:229)
	at org.codehaus.plexus.classworlds.launcher.Launcher.mainWithExitCode(Launcher.java:415)
	at org.codehaus.plexus.classworlds.launcher.Launcher.main(Launcher.java:356)
Caused by: java.io.FileNotFoundException: E:\Test\AppiumCode\SimpleBrowserTest\data\search_data.xls (系统找不到指定的文件。)
	at java.io.FileInputStream.open0(Native Method)
	at java.io.FileInputStream.open(FileInputStream.java:195)
	at java.io.FileInputStream.<init>(FileInputStream.java:138)
	at java.io.FileInputStream.<init>(FileInputStream.java:93)
	at com.xiao.simplebrowsertest.readdata.GetExcelData.getExcelData(GetExcelData.java:25)
	at com.xiao.simplebrowsertest.testcases.SearchActivityTest.registData(SearchActivityTest.java:42)
	at sun.reflect.NativeMethodAccessorImpl.invoke0(Native Method)
	at sun.reflect.NativeMethodAccessorImpl.invoke(NativeMethodAccessorImpl.java:62)
	at sun.reflect.DelegatingMethodAccessorImpl.invoke(DelegatingMethodAccessorImpl.java:43)
	at java.lang.reflect.Method.invoke(Method.java:498)
	at org.testng.internal.MethodInvocationHelper.invokeMethod(MethodInvocationHelper.java:86)
	at org.testng.internal.MethodInvocationHelper.invokeDataProvider(MethodInvocationHelper.java:137)
	... 53 more
]]>
            </full-stacktrace>
          </exception> <!-- java.lang.RuntimeException -->
          <reporter-output>
          </reporter-output>
        </test-method> <!-- searchKeyWord -->
        <test-method status="PASS" signature="searchReturnHome()[pri:0, instance:com.xiao.simplebrowsertest.testcases.SearchActivityTest@76ff68c5]" name="searchReturnHome" duration-ms="32925" started-at="2017-05-08T14:19:32Z" finished-at="2017-05-08T14:20:05Z">
          <reporter-output>
          </reporter-output>
        </test-method> <!-- searchReturnHome -->
        <test-method status="PASS" signature="tearDown()[pri:0, instance:com.xiao.simplebrowsertest.testcases.SearchActivityTest@76ff68c5]" name="tearDown" is-config="true" duration-ms="1682" started-at="2017-05-08T14:20:05Z" finished-at="2017-05-08T14:20:07Z">
          <reporter-output>
          </reporter-output>
        </test-method> <!-- tearDown -->
      </class> <!-- com.xiao.simplebrowsertest.testcases.SearchActivityTest -->
      <class name="com.xiao.simplebrowsertest.testcases.WelcomeActivityTest">
        <test-method status="PASS" signature="setUp()[pri:0, instance:com.xiao.simplebrowsertest.testcases.WelcomeActivityTest@4bc59b27]" name="setUp" is-config="true" duration-ms="19842" started-at="2017-05-08T14:16:18Z" finished-at="2017-05-08T14:16:38Z">
          <reporter-output>
          </reporter-output>
        </test-method> <!-- setUp -->
        <test-method status="PASS" signature="clickStart(java.lang.String)[pri:0, instance:com.xiao.simplebrowsertest.testcases.WelcomeActivityTest@4bc59b27]" name="clickStart" duration-ms="2379" started-at="2017-05-08T14:16:39Z" data-provider="WelcomeData" finished-at="2017-05-08T14:16:41Z">
          <params>
            <param index="0">
              <value>
                <![CDATA[开始体验]]>
              </value>
            </param>
          </params>
          <reporter-output>
          </reporter-output>
        </test-method> <!-- clickStart -->
        <test-method status="FAIL" signature="clickStart(java.lang.String)[pri:0, instance:com.xiao.simplebrowsertest.testcases.WelcomeActivityTest@4bc59b27]" name="clickStart" duration-ms="716" started-at="2017-05-08T14:16:41Z" data-provider="WelcomeData" finished-at="2017-05-08T14:16:42Z">
          <params>
            <param index="0">
              <value>
                <![CDATA[立即体验]]>
              </value>
            </param>
          </params>
          <exception class="java.lang.AssertionError">
            <message>
              <![CDATA[期望的文字是 [立即体验] 但是找到了 [开始体验]]]>
            </message>
            <full-stacktrace>
              <![CDATA[java.lang.AssertionError: 期望的文字是 [立即体验] 但是找到了 [开始体验]
	at org.testng.Assert.fail(Assert.java:94)
	at com.xiao.simplebrowsertest.utils.AppiumUtils.isTextCorrect(AppiumUtils.java:62)
	at com.xiao.simplebrowsertest.testcases.WelcomeActivityTest.clickStart(WelcomeActivityTest.java:51)
	at sun.reflect.NativeMethodAccessorImpl.invoke0(Native Method)
	at sun.reflect.NativeMethodAccessorImpl.invoke(NativeMethodAccessorImpl.java:62)
	at sun.reflect.DelegatingMethodAccessorImpl.invoke(DelegatingMethodAccessorImpl.java:43)
	at java.lang.reflect.Method.invoke(Method.java:498)
	at org.testng.internal.MethodInvocationHelper.invokeMethod(MethodInvocationHelper.java:86)
	at org.testng.internal.Invoker.invokeMethod(Invoker.java:643)
	at org.testng.internal.Invoker.invokeTestMethod(Invoker.java:820)
	at org.testng.internal.Invoker.invokeTestMethods(Invoker.java:1128)
	at org.testng.internal.TestMethodWorker.invokeTestMethods(TestMethodWorker.java:129)
	at org.testng.internal.TestMethodWorker.run(TestMethodWorker.java:112)
	at org.testng.TestRunner.privateRun(TestRunner.java:782)
	at org.testng.TestRunner.run(TestRunner.java:632)
	at org.testng.SuiteRunner.runTest(SuiteRunner.java:366)
	at org.testng.SuiteRunner.runSequentially(SuiteRunner.java:361)
	at org.testng.SuiteRunner.privateRun(SuiteRunner.java:319)
	at org.testng.SuiteRunner.run(SuiteRunner.java:268)
	at org.testng.SuiteRunnerWorker.runSuite(SuiteRunnerWorker.java:52)
	at org.testng.SuiteRunnerWorker.run(SuiteRunnerWorker.java:86)
	at org.testng.TestNG.runSuitesSequentially(TestNG.java:1244)
	at org.testng.TestNG.runSuitesLocally(TestNG.java:1169)
	at org.testng.TestNG.run(TestNG.java:1064)
	at org.apache.maven.surefire.testng.TestNGExecutor.run(TestNGExecutor.java:295)
	at org.apache.maven.surefire.testng.TestNGXmlTestSuite.execute(TestNGXmlTestSuite.java:84)
	at org.apache.maven.surefire.testng.TestNGProvider.invoke(TestNGProvider.java:90)
	at sun.reflect.NativeMethodAccessorImpl.invoke0(Native Method)
	at sun.reflect.NativeMethodAccessorImpl.invoke(NativeMethodAccessorImpl.java:62)
	at sun.reflect.DelegatingMethodAccessorImpl.invoke(DelegatingMethodAccessorImpl.java:43)
	at java.lang.reflect.Method.invoke(Method.java:498)
	at org.apache.maven.surefire.util.ReflectionUtils.invokeMethodWithArray2(ReflectionUtils.java:208)
	at org.apache.maven.surefire.booter.ProviderFactory$ProviderProxy.invoke(ProviderFactory.java:155)
	at org.apache.maven.surefire.booter.ProviderFactory.invokeProvider(ProviderFactory.java:81)
	at org.apache.maven.plugin.surefire.InPluginVMSurefireStarter.runSuitesInProcess(InPluginVMSurefireStarter.java:82)
	at org.apache.maven.plugin.surefire.AbstractSurefireMojo.executeProvider(AbstractSurefireMojo.java:974)
	at org.apache.maven.plugin.surefire.AbstractSurefireMojo.executeAfterPreconditionsChecked(AbstractSurefireMojo.java:824)
	at org.apache.maven.plugin.surefire.AbstractSurefireMojo.execute(AbstractSurefireMojo.java:722)
	at org.apache.maven.plugin.DefaultBuildPluginManager.executeMojo(DefaultBuildPluginManager.java:134)
	at org.apache.maven.lifecycle.internal.MojoExecutor.execute(MojoExecutor.java:207)
	at org.apache.maven.lifecycle.internal.MojoExecutor.execute(MojoExecutor.java:153)
	at org.apache.maven.lifecycle.internal.MojoExecutor.execute(MojoExecutor.java:145)
	at org.apache.maven.lifecycle.internal.LifecycleModuleBuilder.buildProject(LifecycleModuleBuilder.java:116)
	at org.apache.maven.lifecycle.internal.LifecycleModuleBuilder.buildProject(LifecycleModuleBuilder.java:80)
	at org.apache.maven.lifecycle.internal.builder.singlethreaded.SingleThreadedBuilder.build(SingleThreadedBuilder.java:51)
	at org.apache.maven.lifecycle.internal.LifecycleStarter.execute(LifecycleStarter.java:128)
	at org.apache.maven.DefaultMaven.doExecute(DefaultMaven.java:307)
	at org.apache.maven.DefaultMaven.doExecute(DefaultMaven.java:193)
	at org.apache.maven.DefaultMaven.execute(DefaultMaven.java:106)
	at org.apache.maven.cli.MavenCli.execute(MavenCli.java:863)
	at org.apache.maven.cli.MavenCli.doMain(MavenCli.java:288)
	at org.apache.maven.cli.MavenCli.main(MavenCli.java:199)
	at sun.reflect.NativeMethodAccessorImpl.invoke0(Native Method)
	at sun.reflect.NativeMethodAccessorImpl.invoke(NativeMethodAccessorImpl.java:62)
	at sun.reflect.DelegatingMethodAccessorImpl.invoke(DelegatingMethodAccessorImpl.java:43)
	at java.lang.reflect.Method.invoke(Method.java:498)
	at org.codehaus.plexus.classworlds.launcher.Launcher.launchEnhanced(Launcher.java:289)
	at org.codehaus.plexus.classworlds.launcher.Launcher.launch(Launcher.java:229)
	at org.codehaus.plexus.classworlds.launcher.Launcher.mainWithExitCode(Launcher.java:415)
	at org.codehaus.plexus.classworlds.launcher.Launcher.main(Launcher.java:356)
]]>
            </full-stacktrace>
          </exception> <!-- java.lang.AssertionError -->
          <reporter-output>
          </reporter-output>
        </test-method> <!-- clickStart -->
        <test-method status="PASS" signature="tearDown()[pri:0, instance:com.xiao.simplebrowsertest.testcases.WelcomeActivityTest@4bc59b27]" name="tearDown" is-config="true" duration-ms="1231" started-at="2017-05-08T14:16:42Z" finished-at="2017-05-08T14:16:43Z">
          <reporter-output>
          </reporter-output>
        </test-method> <!-- tearDown -->
      </class> <!-- com.xiao.simplebrowsertest.testcases.WelcomeActivityTest -->
    </test> <!-- SimpleBrowserTest -->
  </suite> <!-- 项目测试报告 -->
</testng-results>
